# 2025-11-22T10:19:35 Copyright (c) 2010,2011 Oracle and/or its affiliates. All rights reserved. Use is subject to license terms.
# 2025-11-22T10:19:35 Please see http://forge.mysql.com/wiki/Category:RandomQueryGenerator for more information on this test framework.
# 2025-11-22T10:19:35 Starting 
# 2025-11-22T10:19:35 # runall-new.pl \ 
# 2025-11-22T10:19:35 # --basedir=/home/saikumar/WORKDIR/PS/percona-server/bld \ 
# 2025-11-22T10:19:35 # --gendata=conf/examples/simple.zz \ 
# 2025-11-22T10:19:35 # --grammar=conf/examples/simple.yy \ 
# 2025-11-22T10:19:35 # --queries=10 \ 
# 2025-11-22T10:19:35 # --threads=1 \ 
# 2025-11-22T10:19:35 # --validator=Transformer \ 
# 2025-11-22T10:19:35 # --sqltrace
# 2025-11-22T10:19:35 master_port : 19300 slave_port : 19302 ports : 19300 19302 MTR_BUILD_THREAD : 930 
# 2025-11-22T10:19:35 /home/saikumar/WORKDIR/QA/percona-qa/randgen does not look like a bzr branch, cannot get revision info.
# 2025-11-22T10:19:38 /home/saikumar/WORKDIR/PS/percona-server/bld does not look like a bzr branch, cannot get revision info.
# 2025-11-22T10:19:38 Found source directory at /home/saikumar/WORKDIR/PS/percona-server
# 2025-11-22T10:19:38 Creating MySQL 8.0.43-34 database at /home/saikumar/WORKDIR/PS/percona-server/bld/mysql-test/var/data
# 2025-11-22T10:19:51 MySQL Version:8.0.43-34
# 2025-11-22T10:19:51 Binary: /home/saikumar/WORKDIR/PS/percona-server/bld/bin/mysqld
# 2025-11-22T10:19:51 Type: Release
# 2025-11-22T10:19:51 Datadir: /home/saikumar/WORKDIR/PS/percona-server/bld/mysql-test/var/data
# 2025-11-22T10:19:51 Tmpdir: /home/saikumar/WORKDIR/PS/percona-server/bld/mysql-test/var/tmp
# 2025-11-22T10:19:51 Corefile: /home/saikumar/WORKDIR/PS/percona-server/bld/mysql-test/var/data/core.
# 2025-11-22T10:19:51 Starting MySQL 8.0.43-34: "/home/saikumar/WORKDIR/PS/percona-server/bld/bin/mysqld" "--no-defaults" "--basedir=/home/saikumar/WORKDIR/PS/percona-server/bld" "--datadir=/home/saikumar/WORKDIR/PS/percona-server/bld/mysql-test/var/data" "--lc-messages-dir=/home/saikumar/WORKDIR/PS/percona-server/bld/share" "--character-sets-dir=/home/saikumar/WORKDIR/PS/percona-server/share/charsets" "--default-storage-engine=innodb" "--log_error_verbosity=1" "--tmpdir=/home/saikumar/WORKDIR/PS/percona-server/bld/mysql-test/var/tmp" "--core-file" "--loose-new" "--relay-log=slave-relay-bin" "--loose-innodb" "--max-allowed-packet=16Mb" "--loose-innodb-status-file=1" "--master-retry-count=65535" "--port=19300" "--socket=/home/saikumar/WORKDIR/PS/percona-server/bld/mysql-test/var/mysql.sock" "--pid-file=/home/saikumar/WORKDIR/PS/percona-server/bld/mysql-test/var/mysql.pid" "--general-log" "--general-log-file=/home/saikumar/WORKDIR/PS/percona-server/bld/mysql-test/var/mysql.log" --sql-mode=no_engine_substitution
# 2025-11-22T10:19:53 -------------------------------
# 2025-11-22T10:19:53 Configuration
# 2025-11-22T10:19:53   debug_server => ['', '']
# 2025-11-22T10:19:53   dsn => ['dbi:mysql:host=127.0.0.1:port=19300:user=root:database=test']
# 2025-11-22T10:19:53   duration => 3600
# 2025-11-22T10:19:53   gendata => conf/examples/simple.zz
# 2025-11-22T10:19:53   generator => FromGrammar
# 2025-11-22T10:19:53   grammar => conf/examples/simple.yy
# 2025-11-22T10:19:53   queries => 10
# 2025-11-22T10:19:53   servers => ['DBServer::MySQL::MySQLd=ARRAY(0x5a89e79497f8)']
# 2025-11-22T10:19:53   sqltrace => 1
# 2025-11-22T10:19:53   threads => 1
# 2025-11-22T10:19:53   validators => ['Transformer']
# 2025-11-22T10:19:53   views => ['', '']
USE test;
# 2025-11-22T10:19:53 # Creating MySQL table: test.table0_int_autoinc; engine: ; rows: 0 .
DROP TABLE /*! IF EXISTS*/ table0_int_autoinc;
CREATE TABLE `table0_int_autoinc` (
`col_int` int,
pk integer auto_increment,
`col_char_utf8` char (1)  CHARACTER SET utf8,
/*Indices*/
primary key (pk)) ;
ALTER TABLE `table0_int_autoinc` DISABLE KEYS;
COMMIT;
ALTER TABLE `table0_int_autoinc` ENABLE KEYS;
# 2025-11-22T10:19:53 # Creating MySQL table: test.table1_int_autoinc; engine: ; rows: 1 .
DROP TABLE /*! IF EXISTS*/ table1_int_autoinc;
CREATE TABLE `table1_int_autoinc` (
`col_int` int,
pk integer auto_increment,
`col_char_utf8` char (1)  CHARACTER SET utf8,
/*Indices*/
primary key (pk)) ;
ALTER TABLE `table1_int_autoinc` DISABLE KEYS;
INSERT /*! IGNORE */ INTO table1_int_autoinc VALUES  (4, NULL, 't') ;
COMMIT;
ALTER TABLE `table1_int_autoinc` ENABLE KEYS;
# 2025-11-22T10:19:53 # Creating MySQL table: test.table10_int_autoinc; engine: ; rows: 10 .
DROP TABLE /*! IF EXISTS*/ table10_int_autoinc;
CREATE TABLE `table10_int_autoinc` (
`col_int` int,
pk integer auto_increment,
`col_char_utf8` char (1)  CHARACTER SET utf8,
/*Indices*/
primary key (pk)) ;
ALTER TABLE `table10_int_autoinc` DISABLE KEYS;
INSERT /*! IGNORE */ INTO table10_int_autoinc VALUES  (5, NULL, 't') ,  (7, NULL, 'n') ,  (3, NULL, 'z') ,  (3, NULL, 'x') ,  (0, NULL, 's') ,  (1, NULL, 'f') ,  (4, NULL, 'k') ,  (3, NULL, 'j') ,  (6, NULL, 'x') ,  (7, NULL, 'j') ;
COMMIT;
ALTER TABLE `table10_int_autoinc` ENABLE KEYS;
COMMIT;
USE test;
# 2025-11-22T10:19:53 Reporters: ErrorLog, Backtrace
# 2025-11-22T10:19:55 Validators: Transformer
# 2025-11-22T10:19:55 Caching schema metadata for dbi:mysql:host=127.0.0.1:port=19300:user=root:database=test
# 2025-11-22T10:19:55 Starting 1 processes, 10 queries each, duration 3600 seconds.
# 2025-11-22T10:19:55 GenTest::ErrorFilter(2709792) started
# 2025-11-22T10:19:55 Loading Validator GenTest::Validator::Transformer.
# 2025-11-22T10:19:55 Started periodic reporting process...
# 2025-11-22T10:19:55 Transformer Validator will use the following Transformers: ExecuteAsInsertSelect
SELECT * FROM `table0_int_autoinc`;
/* GenTest::Transform::ExecuteAsInsertSelect */ CREATE DATABASE IF NOT EXISTS transforms;
DROP TABLE IF EXISTS transforms.insert_select_2709794;
CREATE TABLE transforms.insert_select_2709794 SELECT * FROM `table0_int_autoinc`;
SELECT * FROM transforms.insert_select_2709794 /* TRANSFORM_OUTCOME_UNORDERED_MATCH */;
DELETE FROM transforms.insert_select_2709794;
INSERT INTO transforms.insert_select_2709794 SELECT * FROM `table0_int_autoinc`;
SELECT * FROM transforms.insert_select_2709794 /* TRANSFORM_OUTCOME_UNORDERED_MATCH */;
DELETE FROM transforms.insert_select_2709794;
REPLACE INTO transforms.insert_select_2709794 SELECT * FROM `table0_int_autoinc`;
SELECT * FROM transforms.insert_select_2709794 /* TRANSFORM_OUTCOME_UNORDERED_MATCH */;
DROP TABLE transforms.insert_select_2709794;
SELECT `col_char_utf8` FROM `table0_int_autoinc` WHERE `col_int` > 1;
/* GenTest::Transform::ExecuteAsInsertSelect */ CREATE DATABASE IF NOT EXISTS transforms;
DROP TABLE IF EXISTS transforms.insert_select_2709794;
CREATE TABLE transforms.insert_select_2709794 SELECT `col_char_utf8` FROM `table0_int_autoinc` WHERE `col_int` > 1;
SELECT * FROM transforms.insert_select_2709794 /* TRANSFORM_OUTCOME_UNORDERED_MATCH */;
DELETE FROM transforms.insert_select_2709794;
INSERT INTO transforms.insert_select_2709794 SELECT `col_char_utf8` FROM `table0_int_autoinc` WHERE `col_int` > 1;
SELECT * FROM transforms.insert_select_2709794 /* TRANSFORM_OUTCOME_UNORDERED_MATCH */;
DELETE FROM transforms.insert_select_2709794;
REPLACE INTO transforms.insert_select_2709794 SELECT `col_char_utf8` FROM `table0_int_autoinc` WHERE `col_int` > 1;
SELECT * FROM transforms.insert_select_2709794 /* TRANSFORM_OUTCOME_UNORDERED_MATCH */;
DROP TABLE transforms.insert_select_2709794;
SELECT `col_int` FROM `table10_int_autoinc` WHERE `pk` > 5;
/* GenTest::Transform::ExecuteAsInsertSelect */ CREATE DATABASE IF NOT EXISTS transforms;
DROP TABLE IF EXISTS transforms.insert_select_2709794;
CREATE TABLE transforms.insert_select_2709794 SELECT `col_int` FROM `table10_int_autoinc` WHERE `pk` > 5;
SELECT * FROM transforms.insert_select_2709794 /* TRANSFORM_OUTCOME_UNORDERED_MATCH */;
DELETE FROM transforms.insert_select_2709794;
INSERT INTO transforms.insert_select_2709794 SELECT `col_int` FROM `table10_int_autoinc` WHERE `pk` > 5;
SELECT * FROM transforms.insert_select_2709794 /* TRANSFORM_OUTCOME_UNORDERED_MATCH */;
DELETE FROM transforms.insert_select_2709794;
REPLACE INTO transforms.insert_select_2709794 SELECT `col_int` FROM `table10_int_autoinc` WHERE `pk` > 5;
SELECT * FROM transforms.insert_select_2709794 /* TRANSFORM_OUTCOME_UNORDERED_MATCH */;
DROP TABLE transforms.insert_select_2709794;
SELECT * FROM `table10_int_autoinc`;
/* GenTest::Transform::ExecuteAsInsertSelect */ CREATE DATABASE IF NOT EXISTS transforms;
DROP TABLE IF EXISTS transforms.insert_select_2709794;
CREATE TABLE transforms.insert_select_2709794 SELECT * FROM `table10_int_autoinc`;
SELECT * FROM transforms.insert_select_2709794 /* TRANSFORM_OUTCOME_UNORDERED_MATCH */;
DELETE FROM transforms.insert_select_2709794;
INSERT INTO transforms.insert_select_2709794 SELECT * FROM `table10_int_autoinc`;
SELECT * FROM transforms.insert_select_2709794 /* TRANSFORM_OUTCOME_UNORDERED_MATCH */;
DELETE FROM transforms.insert_select_2709794;
REPLACE INTO transforms.insert_select_2709794 SELECT * FROM `table10_int_autoinc`;
SELECT * FROM transforms.insert_select_2709794 /* TRANSFORM_OUTCOME_UNORDERED_MATCH */;
DROP TABLE transforms.insert_select_2709794;
SELECT `pk` FROM `table10_int_autoinc`;
/* GenTest::Transform::ExecuteAsInsertSelect */ CREATE DATABASE IF NOT EXISTS transforms;
DROP TABLE IF EXISTS transforms.insert_select_2709794;
CREATE TABLE transforms.insert_select_2709794 SELECT `pk` FROM `table10_int_autoinc`;
SELECT * FROM transforms.insert_select_2709794 /* TRANSFORM_OUTCOME_UNORDERED_MATCH */;
DELETE FROM transforms.insert_select_2709794;
INSERT INTO transforms.insert_select_2709794 SELECT `pk` FROM `table10_int_autoinc`;
SELECT * FROM transforms.insert_select_2709794 /* TRANSFORM_OUTCOME_UNORDERED_MATCH */;
DELETE FROM transforms.insert_select_2709794;
REPLACE INTO transforms.insert_select_2709794 SELECT `pk` FROM `table10_int_autoinc`;
SELECT * FROM transforms.insert_select_2709794 /* TRANSFORM_OUTCOME_UNORDERED_MATCH */;
DROP TABLE transforms.insert_select_2709794;
SELECT `col_int` FROM `table10_int_autoinc` WHERE `col_int` > 7;
/* GenTest::Transform::ExecuteAsInsertSelect */ CREATE DATABASE IF NOT EXISTS transforms;
DROP TABLE IF EXISTS transforms.insert_select_2709794;
CREATE TABLE transforms.insert_select_2709794 SELECT `col_int` FROM `table10_int_autoinc` WHERE `col_int` > 7;
SELECT * FROM transforms.insert_select_2709794 /* TRANSFORM_OUTCOME_UNORDERED_MATCH */;
DELETE FROM transforms.insert_select_2709794;
INSERT INTO transforms.insert_select_2709794 SELECT `col_int` FROM `table10_int_autoinc` WHERE `col_int` > 7;
SELECT * FROM transforms.insert_select_2709794 /* TRANSFORM_OUTCOME_UNORDERED_MATCH */;
DELETE FROM transforms.insert_select_2709794;
REPLACE INTO transforms.insert_select_2709794 SELECT `col_int` FROM `table10_int_autoinc` WHERE `col_int` > 7;
SELECT * FROM transforms.insert_select_2709794 /* TRANSFORM_OUTCOME_UNORDERED_MATCH */;
DROP TABLE transforms.insert_select_2709794;
SELECT `col_int` FROM `table0_int_autoinc` WHERE `col_int` > 2;
/* GenTest::Transform::ExecuteAsInsertSelect */ CREATE DATABASE IF NOT EXISTS transforms;
DROP TABLE IF EXISTS transforms.insert_select_2709794;
CREATE TABLE transforms.insert_select_2709794 SELECT `col_int` FROM `table0_int_autoinc` WHERE `col_int` > 2;
SELECT * FROM transforms.insert_select_2709794 /* TRANSFORM_OUTCOME_UNORDERED_MATCH */;
DELETE FROM transforms.insert_select_2709794;
INSERT INTO transforms.insert_select_2709794 SELECT `col_int` FROM `table0_int_autoinc` WHERE `col_int` > 2;
SELECT * FROM transforms.insert_select_2709794 /* TRANSFORM_OUTCOME_UNORDERED_MATCH */;
DELETE FROM transforms.insert_select_2709794;
REPLACE INTO transforms.insert_select_2709794 SELECT `col_int` FROM `table0_int_autoinc` WHERE `col_int` > 2;
SELECT * FROM transforms.insert_select_2709794 /* TRANSFORM_OUTCOME_UNORDERED_MATCH */;
DROP TABLE transforms.insert_select_2709794;
SELECT `pk` FROM `table10_int_autoinc`;
/* GenTest::Transform::ExecuteAsInsertSelect */ CREATE DATABASE IF NOT EXISTS transforms;
DROP TABLE IF EXISTS transforms.insert_select_2709794;
CREATE TABLE transforms.insert_select_2709794 SELECT `pk` FROM `table10_int_autoinc`;
SELECT * FROM transforms.insert_select_2709794 /* TRANSFORM_OUTCOME_UNORDERED_MATCH */;
DELETE FROM transforms.insert_select_2709794;
INSERT INTO transforms.insert_select_2709794 SELECT `pk` FROM `table10_int_autoinc`;
SELECT * FROM transforms.insert_select_2709794 /* TRANSFORM_OUTCOME_UNORDERED_MATCH */;
DELETE FROM transforms.insert_select_2709794;
REPLACE INTO transforms.insert_select_2709794 SELECT `pk` FROM `table10_int_autoinc`;
SELECT * FROM transforms.insert_select_2709794 /* TRANSFORM_OUTCOME_UNORDERED_MATCH */;
DROP TABLE transforms.insert_select_2709794;
SELECT * FROM `table1_int_autoinc`;
/* GenTest::Transform::ExecuteAsInsertSelect */ CREATE DATABASE IF NOT EXISTS transforms;
DROP TABLE IF EXISTS transforms.insert_select_2709794;
CREATE TABLE transforms.insert_select_2709794 SELECT * FROM `table1_int_autoinc`;
SELECT * FROM transforms.insert_select_2709794 /* TRANSFORM_OUTCOME_UNORDERED_MATCH */;
DELETE FROM transforms.insert_select_2709794;
INSERT INTO transforms.insert_select_2709794 SELECT * FROM `table1_int_autoinc`;
SELECT * FROM transforms.insert_select_2709794 /* TRANSFORM_OUTCOME_UNORDERED_MATCH */;
DELETE FROM transforms.insert_select_2709794;
REPLACE INTO transforms.insert_select_2709794 SELECT * FROM `table1_int_autoinc`;
SELECT * FROM transforms.insert_select_2709794 /* TRANSFORM_OUTCOME_UNORDERED_MATCH */;
DROP TABLE transforms.insert_select_2709794;
SELECT * FROM `table0_int_autoinc`;
/* GenTest::Transform::ExecuteAsInsertSelect */ CREATE DATABASE IF NOT EXISTS transforms;
DROP TABLE IF EXISTS transforms.insert_select_2709794;
CREATE TABLE transforms.insert_select_2709794 SELECT * FROM `table0_int_autoinc`;
SELECT * FROM transforms.insert_select_2709794 /* TRANSFORM_OUTCOME_UNORDERED_MATCH */;
DELETE FROM transforms.insert_select_2709794;
INSERT INTO transforms.insert_select_2709794 SELECT * FROM `table0_int_autoinc`;
SELECT * FROM transforms.insert_select_2709794 /* TRANSFORM_OUTCOME_UNORDERED_MATCH */;
DELETE FROM transforms.insert_select_2709794;
REPLACE INTO transforms.insert_select_2709794 SELECT * FROM `table0_int_autoinc`;
SELECT * FROM transforms.insert_select_2709794 /* TRANSFORM_OUTCOME_UNORDERED_MATCH */;
DROP TABLE transforms.insert_select_2709794;
# 2025-11-22T10:19:56 Child worker process completed successfully.
# 2025-11-22T10:19:57 Killing periodic reporting process with pid 2709793...
# 2025-11-22T10:19:57 Kill GenTest::ErrorFilter(2709792)
# 2025-11-22T10:19:57 Test completed successfully.
# 2025-11-22T10:19:57 GenTest exited with exit status STATUS_OK (0)
# 2025-11-22T10:19:57 Stopping server on port 19300
# 2025-11-22T10:19:57 [2709647] runall-new.pl will exit with exit status STATUS_OK (0)
